<?xml version="1.0" encoding="UTF-8"?>
<!-- Generated by org.testng.reporters.JUnitXMLReporter -->
<testsuite ignored="0" hostname="DESKTOP-H29UQ49" failures="2" tests="8" name="Test" time="0.115" errors="0" timestamp="2024-10-13T18:32:49 IST">
  <testcase classname="com.TestNg.LearnRetryAnalyser" name="testCaseOne" time="0.016">
    <skipped/>
  </testcase> <!-- testCaseOne -->
  <testcase classname="com.TestNg.LearnRetryAnalyser" name="testCaseOne" time="0.002">
    <skipped/>
  </testcase> <!-- testCaseOne -->
  <testcase classname="com.TestNg.LearnRetryAnalyser" name="testCaseOne" time="0.001">
    <skipped/>
  </testcase> <!-- testCaseOne -->
  <testcase classname="com.TestNg.LearnRetryAnalyser" name="testCaseOne" time="0.002">
    <failure type="java.lang.AssertionError" message="expected [false] but found [true]">
      <![CDATA[java.lang.AssertionError: expected [false] but found [true]
at com.TestNg.LearnRetryAnalyser.testCaseOne(LearnRetryAnalyser.java:9)
at java.base/java.util.ArrayList.forEach(ArrayList.java:1511)
... Removed 32 stack frames]]>
    </failure>
  </testcase> <!-- testCaseOne -->
  <testcase classname="com.TestNg.LearnRetryAnalyser" name="testCaseTwo" time="0.002">
    <skipped/>
  </testcase> <!-- testCaseTwo -->
  <testcase classname="com.TestNg.LearnRetryAnalyser" name="testCaseTwo" time="0.002">
    <skipped/>
  </testcase> <!-- testCaseTwo -->
  <testcase classname="com.TestNg.LearnRetryAnalyser" name="testCaseTwo" time="0.001">
    <skipped/>
  </testcase> <!-- testCaseTwo -->
  <testcase classname="com.TestNg.LearnRetryAnalyser" name="testCaseTwo" time="0.002">
    <failure type="java.lang.AssertionError" message="expected [true] but found [false]">
      <![CDATA[java.lang.AssertionError: expected [true] but found [false]
at com.TestNg.LearnRetryAnalyser.testCaseTwo(LearnRetryAnalyser.java:14)
at java.base/java.util.ArrayList.forEach(ArrayList.java:1511)
... Removed 32 stack frames]]>
    </failure>
  </testcase> <!-- testCaseTwo -->
</testsuite> <!-- Test -->
