<?xml version="1.0" encoding="UTF-8"?>
<!-- Generated by org.testng.reporters.JUnitXMLReporter -->
<testsuite ignored="0" hostname="DESKTOP-H29UQ49" failures="0" tests="5" name="Test" time="82.083" errors="0" timestamp="2024-10-20T21:59:43 IST">
  <testcase classname="TestRunner.TC003" name="verifyMultipleLoginScenari" time="13.814"/>
  <testcase classname="TestRunner.TC004" name="verifyManagerId" time="12.306"/>
  <testcase classname="TestRunner.TC001" name="login" time="9.272"/>
  <testcase classname="TestRunner.TC005" name="VerifyLogintakeScreen" time="11.089"/>
  <testcase classname="TestRunner.TC006" name="changePasswordAndLogin" time="20.664"/>
</testsuite> <!-- Test -->
