<?xml version="1.0" encoding="UTF-8"?>
<testng-results ignored="0" total="1" passed="1" failed="0" skipped="0">
  <reporter-output>
  </reporter-output>
  <suite started-at="2024-10-21T02:20:30 IST" name="Default suite" finished-at="2024-10-21T02:20:37 IST" duration-ms="7220">
    <groups>
    </groups>
    <test started-at="2024-10-21T02:20:30 IST" name="Default test" finished-at="2024-10-21T02:20:37 IST" duration-ms="7220">
      <class name="TestRunner.TC008">
        <test-method signature="loginWithNewPassword()[pri:0, instance:TestRunner.TC008@a530d0a]" started-at="2024-10-21T02:20:30 IST" name="loginWithNewPassword" finished-at="2024-10-21T02:20:37 IST" duration-ms="7134" status="PASS">
          <reporter-output>
          </reporter-output>
        </test-method> <!-- loginWithNewPassword -->
      </class> <!-- TestRunner.TC008 -->
    </test> <!-- Default test -->
  </suite> <!-- Default suite -->
</testng-results>
